<?xml version="1.0" encoding="UTF-8"?>
<!-- Generated by org.testng.reporters.JUnitReportReporter -->
<testsuite hostname="LAPTOP-I086T0I5" failures="0" tests="10" name="giftshop.LoginPage" time="7.852" errors="0" timestamp="2021-05-16T12:27:48 IST" skipped="0">
  <testcase classname="giftshop.LoginPage" name="test1" time="0.135"/>
  <system-out/>
  <testcase classname="giftshop.LoginPage" name="test2" time="0.138"/>
  <system-out/>
  <testcase classname="giftshop.LoginPage" name="test3" time="1.483"/>
  <system-out/>
  <testcase classname="giftshop.LoginPage" name="test4" time="1.514"/>
  <system-out/>
  <testcase classname="giftshop.LoginPage" name="test5" time="1.379"/>
  <system-out/>
  <testcase classname="giftshop.LoginPage" name="test6" time="0.124"/>
  <system-out/>
  <testcase classname="giftshop.LoginPage" name="test8" time="0.095"/>
  <system-out/>
  <testcase classname="giftshop.LoginPage" name="test7" time="1.352"/>
  <system-out/>
  <testcase classname="giftshop.LoginPage" name="test9" time="0.119"/>
  <system-out/>
  <testcase classname="giftshop.LoginPage" name="test10" time="1.513"/>
  <system-out/>
</testsuite> <!-- giftshop.LoginPage -->
