<?xml version="1.0" encoding="UTF-8"?>
<!-- Generated by org.testng.reporters.JUnitReportReporter -->
<testsuite hostname="LAPTOP-I086T0I5" failures="0" tests="12" name="giftshop.HomePage" time="3.164" errors="0" timestamp="2021-05-16T12:29:04 IST" skipped="0">
  <testcase classname="giftshop.HomePage" name="Test3" time="0.063"/>
  <system-out/>
  <testcase classname="giftshop.HomePage" name="Test2" time="0.045"/>
  <system-out/>
  <testcase classname="giftshop.HomePage" name="Test6" time="0.110"/>
  <system-out/>
  <testcase classname="giftshop.HomePage" name="Test1" time="0.102"/>
  <system-out/>
  <testcase classname="giftshop.HomePage" name="Test4" time="0.057"/>
  <system-out/>
  <testcase classname="giftshop.HomePage" name="Test8" time="0.105"/>
  <system-out/>
  <testcase classname="giftshop.HomePage" name="Test5" time="0.116"/>
  <system-out/>
  <testcase classname="giftshop.HomePage" name="Test9" time="0.113"/>
  <system-out/>
  <testcase classname="giftshop.HomePage" name="Test11" time="0.063"/>
  <system-out/>
  <testcase classname="giftshop.HomePage" name="Test10" time="0.133"/>
  <system-out/>
  <testcase classname="giftshop.HomePage" name="Test7" time="0.119"/>
  <system-out/>
  <testcase classname="giftshop.HomePage" name="Test12" time="2.138"/>
  <system-out/>
</testsuite> <!-- giftshop.HomePage -->
