<?xml version="1.0" encoding="UTF-8"?>
<!-- Generated by org.testng.reporters.JUnitReportReporter -->
<testsuite hostname="LAPTOP-I086T0I5" failures="0" tests="2" name="test1" time="0.010" errors="0" timestamp="2021-05-14T13:09:58 IST" skipped="0">
  <testcase classname="test1" name="test1" time="0.010"/>
  <system-out/>
  <testcase classname="test1" name="test2" time="0.000"/>
  <system-out/>
</testsuite> <!-- test1 -->
