<?xml version="1.0" encoding="UTF-8"?>
<!-- Generated by org.testng.reporters.JUnitReportReporter -->
<testsuite hostname="LAPTOP-I086T0I5" failures="0" tests="8" name="NewTest" time="42.732" errors="0" timestamp="2021-05-14T13:14:07 IST" skipped="0">
  <testcase classname="NewTest" name="test6" time="9.514"/>
  <system-out/>
  <testcase classname="NewTest" name="test8" time="4.289"/>
  <system-out/>
  <testcase classname="NewTest" name="test1" time="6.877"/>
  <system-out/>
  <testcase classname="NewTest" name="test3" time="5.142"/>
  <system-out/>
  <testcase classname="NewTest" name="test5" time="4.219"/>
  <system-out/>
  <testcase classname="NewTest" name="test2" time="5.130"/>
  <system-out/>
  <testcase classname="NewTest" name="test4" time="3.693"/>
  <system-out/>
  <testcase classname="NewTest" name="test7" time="3.868"/>
  <system-out/>
</testsuite> <!-- NewTest -->
